[23:21:56] [ServerMain/INFO]: [bootstrap] Running Java 21 (OpenJDK 64-Bit Server VM 21.0.6+7-Ubuntu-120.04.1; Ubuntu null) on Linux 6.5.0-1025-azure (amd64)
[23:21:56] [ServerMain/INFO]: [bootstrap] Loading Paper 1.21-130-master@b1b5d4c (2024-08-10T10:02:42Z) for Minecraft 1.21
[23:21:56] [ServerMain/INFO]: [PluginInitializerManager] Initializing plugins...
[23:21:56] [ServerMain/INFO]: [PluginInitializerManager] Initialized 0 plugins
[23:22:03] [ServerMain/INFO]: Environment: Environment[sessionHost=https://sessionserver.mojang.com, servicesHost=https://api.minecraftservices.com, name=PROD]
[23:22:05] [ServerMain/INFO]: Loaded 1290 recipes
[23:22:05] [ServerMain/INFO]: Loaded 1399 advancements
[23:22:06] [Server thread/INFO]: Starting minecraft server version 1.21
[23:22:06] [Server thread/INFO]: Loading properties
[23:22:06] [Server thread/INFO]: This server is running Paper version 1.21-130-master@b1b5d4c (2024-08-10T10:02:42Z) (Implementing API version 1.21-R0.1-SNAPSHOT)
[23:22:07] [Server thread/INFO]: [spark] This server bundles the spark profiler. For more information please visit https://docs.papermc.io/paper/profiling
[23:22:07] [Server thread/INFO]: Server Ping Player Sample Count: 12
[23:22:07] [Server thread/INFO]: Using 4 threads for Netty based IO
[23:22:08] [Server thread/INFO]: [ChunkTaskScheduler] Chunk system is using 1 I/O threads, 1 worker threads, and population gen parallelism of 1 threads
[23:22:08] [Server thread/INFO]: Default game type: SURVIVAL
[23:22:08] [Server thread/INFO]: Generating keypair
[23:22:08] [Server thread/INFO]: Starting Minecraft server on *:25565
[23:22:08] [Server thread/INFO]: Using epoll channel type
[23:22:08] [Server thread/INFO]: Paper: Using libdeflate (Linux x86_64) compression from Velocity.
[23:22:08] [Server thread/INFO]: Paper: Using OpenSSL 1.1.x (Linux x86_64) cipher from Velocity.
[23:22:08] [Server thread/INFO]: Server permissions file permissions.yml is empty, ignoring it
[23:22:08] [Server thread/WARN]: **** SERVER IS RUNNING IN OFFLINE/INSECURE MODE!
[23:22:08] [Server thread/WARN]: The server will make no attempt to authenticate usernames. Beware.
[23:22:08] [Server thread/WARN]: While this makes the game possible to play without internet access, it also opens up the ability for hackers to connect with any username they choose.
[23:22:08] [Server thread/WARN]: To change this, set "online-mode" to "true" in the server.properties file.
[23:22:08] [Server thread/INFO]: Preparing level "world"
[23:22:09] [Server thread/INFO]: Preparing start region for dimension minecraft:overworld
[23:22:10] [Server thread/INFO]: Time elapsed: 1731 ms
[23:22:10] [Server thread/INFO]: Preparing start region for dimension minecraft:the_nether
[23:22:11] [Server thread/INFO]: Time elapsed: 909 ms
[23:22:11] [Server thread/INFO]: Preparing start region for dimension minecraft:the_end
[23:22:12] [Server thread/INFO]: Time elapsed: 348 ms
[23:22:12] [Server thread/INFO]: [spark] Starting background profiler...
[23:22:13] [Server thread/INFO]: Done preparing level "world" (5.122s)
[23:22:13] [Server thread/INFO]: Running delayed init tasks
[23:22:13] [Server thread/INFO]: Done (19.761s)! For help, type "help"
[23:22:13] [Server thread/INFO]: Timings Reset
[23:22:18] [Server thread/INFO]: TPS from last 1m, 5m, 15m: 20.0, 20.0, 20.0
[23:22:25] [User Authenticator #0/INFO]: UUID of player Prensadito is d26e9cfa-48f9-3dba-852d-4c237a133d38
[23:22:27] [Server thread/INFO]: Prensadito joined the game
[23:22:27] [Server thread/INFO]: Prensadito[/127.253.7.41:35045] logged in with entity id 133 at ([world]39.84744619687697, 85.0, 28.33450343929357)
[23:22:28] [User Authenticator #0/INFO]: UUID of player ianxpro is 73feed84-5bb3-3719-a08f-86dcb317e9cc
[23:22:29] [Server thread/WARN]: [ca.spottedleaf.moonrise.patches.chunk_system.level.entity.EntityLookup] Entity uuid already exists: 73757bf4-df28-4a23-9af3-6f308dd8b1d9, mapped to Bat['Bat'/50, uuid='73757bf4-df28-4a23-9af3-6f308dd8b1d9', l='ServerLevel[world]', x=3.72, y=9.44, z=-47.56, cpos=[0, -3], tl=1554, v=true], can't add Bat['Bat'/173, uuid='73757bf4-df28-4a23-9af3-6f308dd8b1d9', l='ServerLevel[world]', x=-11.31, y=8.00, z=-49.57, cpos=[-1, -4], tl=1301, v=false]
[23:22:31] [Server thread/INFO]: ianxpro joined the game
[23:22:31] [Server thread/INFO]: ianxpro[/127.167.224.42:48989] logged in with entity id 160 at ([world]-4.9802992126166945, 67.0, -2.8542594917647977)
[23:22:33] [User Authenticator #0/INFO]: UUID of player k3v is c81810d4-4412-3a3b-84f6-ed60bfc6133f
[23:22:34] [Server thread/INFO]: k3v joined the game
[23:22:34] [Server thread/INFO]: k3v[/127.36.66.8:35799] logged in with entity id 246 at ([world]41.306057229757705, 86.0, 20.45087100928725)
[23:22:47] [Async Chat Thread - #0/INFO]: [Not Secure] <k3v> jajs
[23:22:54] [Async Chat Thread - #0/INFO]: [Not Secure] <k3v> tenes la armo
[23:23:15] [Server thread/INFO]: k3v has made the advancement [Suit Up]
[23:23:15] [Async Chat Thread - #0/INFO]: [Not Secure] <Prensadito> se borro l enderchest
[23:23:18] [Async Chat Thread - #0/INFO]: [Not Secure] <Prensadito> :/
[23:23:35] [Async Chat Thread - #0/INFO]: [Not Secure] <k3v> me quitaron 1 stack de hierro
[23:23:40] [Async Chat Thread - #0/INFO]: [Not Secure] <Prensadito> si
[23:23:44] [Async Chat Thread - #0/INFO]: [Not Secure] <Prensadito> se hizo un back
[23:23:51] [Server thread/INFO]: ianxpro was slain by Spider
[23:23:56] [Async Chat Thread - #0/INFO]: [Not Secure] <Prensadito> bueno
[23:24:02] [Async Chat Thread - #0/INFO]: [Not Secure] <Prensadito> voy a buscar baritas
[23:24:14] [Async Chat Thread - #1/INFO]: [Not Secure] <ianxpro> pasen cords
[23:24:36] [Server thread/INFO]: ianxpro was slain by Enderman
[23:24:39] [Async Chat Thread - #1/INFO]: [Not Secure] <Prensadito> 238 -392 69
[23:25:51] [Server thread/INFO]: k3v has made the advancement [We Need to Go Deeper]
[23:26:22] [Server thread/INFO]: ianxpro has made the advancement [Stone Age]
[23:27:01] [Server thread/INFO]: ianxpro has made the advancement [Getting an Upgrade]
[23:28:04] [Async Chat Thread - #2/INFO]: [Not Secure] <ianxpro> tienen algo de comida de sobra
[23:28:13] [Async Chat Thread - #2/INFO]: [Not Secure] <k3v> ahi te doy
[23:28:30] [Async Chat Thread - #2/INFO]: [Not Secure] <ianxpro> estoy en el portal bro
[23:28:51] [Server thread/INFO]: Prensadito issued server command: /tpa
[23:28:51] [Async Chat Thread - #2/INFO]: [Not Secure] <ianxpro> gracias
[23:28:52] [Server thread/INFO]: Prensadito issued server command: /tp
[23:28:58] [Async Chat Thread - #2/INFO]: [Not Secure] <ianxpro> ya hay base
[23:29:05] [Async Chat Thread - #2/INFO]: [Not Secure] <ianxpro> ?
[23:29:10] [Async Chat Thread - #2/INFO]: [Not Secure] <Prensadito> no bro
[23:30:04] [Server thread/WARN]: [ca.spottedleaf.moonrise.patches.chunk_system.level.entity.EntityLookup] Entity uuid already exists: 093809ab-79fc-4ac1-969b-4209a82b00ec, mapped to Chicken['Chicken'/2308, uuid='093809ab-79fc-4ac1-969b-4209a82b00ec', l='ServerLevel[world]', x=-335.11, y=72.00, z=-66.80, cpos=[-21, -5], tl=39548, v=true], can't add Chicken['Chicken'/2364, uuid='093809ab-79fc-4ac1-969b-4209a82b00ec', l='ServerLevel[world]', x=-341.59, y=72.00, z=-75.11, cpos=[-22, -5], tl=41309, v=false]
[23:31:18] [Server thread/INFO]: k3v has made the advancement [Best Friends Forever]
[23:32:15] [Server thread/INFO]: ianxpro has made the advancement [Acquire Hardware]
[23:33:09] [Server thread/INFO]: ianxpro has made the advancement [Isn't It Iron Pick]
[23:34:11] [Server thread/INFO]: ianxpro has made the advancement [Suit Up]
[23:35:05] [Server thread/INFO]: ianxpro has made the advancement [Not Today, Thank You]
[23:35:06] [Server thread/INFO]: ianxpro has made the advancement [Monster Hunter]
[23:40:24] [Async Chat Thread - #4/INFO]: [Not Secure] <Prensadito> alguno tiene una enderpearl?
[23:40:32] [Async Chat Thread - #5/INFO]: [Not Secure] <ianxpro> no bro perdon
